<?xml version="1.0" encoding="utf-8"?><testsuites><testsuite name="pytest" errors="0" failures="0" skipped="0" tests="4" time="0.422" timestamp="2022-05-01T22:19:51.943791" hostname="Rafaelafcc"><testcase classname="tests.test_core" name="test_add_beer_to_database" time="0.051" /><testcase classname="tests.test_core" name="test_get_beers_from_database" time="0.047" /><testcase classname="tests.test_functional_api" name="test_create_beer_via_api" time="0.057" /><testcase classname="tests.test_functional_cli" name="test_add_beer" time="0.044" /></testsuite></testsuites>